<?xml version="1.0" encoding="UTF-8"?>
<testng-results skipped="0" failed="0" total="1" passed="1">
  <reporter-output>
  </reporter-output>
  <suite name="Suite" duration-ms="23875" started-at="2017-06-05T15:38:07Z" finished-at="2017-06-05T15:38:31Z">
    <groups>
    </groups>
    <test name="Test" duration-ms="23875" started-at="2017-06-05T15:38:07Z" finished-at="2017-06-05T15:38:31Z">
      <class name="testniki.TestCase08">
        <test-method status="PASS" signature="setUp()[pri:0, instance:testniki.TestCase08@cb5822]" name="setUp" is-config="true" duration-ms="15599" started-at="2017-06-05T21:08:07Z" finished-at="2017-06-05T21:08:22Z">
          <reporter-output>
          </reporter-output>
        </test-method> <!-- setUp -->
        <test-method status="PASS" signature="testCase08_Prepaid()[pri:0, instance:testniki.TestCase08@cb5822]" name="testCase08_Prepaid" duration-ms="8230" started-at="2017-06-05T21:08:22Z" finished-at="2017-06-05T21:08:31Z">
          <reporter-output>
          </reporter-output>
        </test-method> <!-- testCase08_Prepaid -->
        <test-method status="PASS" signature="End()[pri:0, instance:testniki.TestCase08@cb5822]" name="End" is-config="true" duration-ms="0" started-at="2017-06-05T21:08:31Z" finished-at="2017-06-05T21:08:31Z">
          <reporter-output>
          </reporter-output>
        </test-method> <!-- End -->
      </class> <!-- testniki.TestCase08 -->
    </test> <!-- Test -->
  </suite> <!-- Suite -->
</testng-results>
